Args in experiment:
Namespace(activation='gelu', affine=0, batch_size=32, c_out=7, checkpoints='./checkpoints/', d_ff=256, d_layers=1, d_model=128, data='custom', data_path='electricity.csv', dec_in=7, decomposition=0, des='Exp', devices='0,1,2,3', distil=True, do_predict=False, dropout=0.2, e_layers=3, embed='timeF', embed_type=0, enc_in=321, factor=1, fc_dropout=0.2, features='M', freq='h', gpu=0, head_dropout=0.0, individual=0, is_training=1, itr=1, kernel_size=25, label_len=48, learning_rate=0.0001, loss='mse', lradj='TST', model='PatchMLP', model_id='336_336', moving_avg=25, n_heads=16, num_workers=10, output_attention=False, padding_patch='end', patch_len=16, patience=10, pct_start=0.2, pred_len=336, random_seed=2021, revin=1, root_path='./dataset/', seq_len=336, stride=8, subtract_last=0, target='OT', test_flop=False, train_epochs=100, use_amp=False, use_gpu=True, use_multi_gpu=False)
Use GPU: cuda:0
>>>>>>>start training : 336_336_PatchMLP_custom_ftM_sl336_ll48_pl336_dm128_nh16_el3_dl1_df256_fc1_ebtimeF_dtTrue_Exp_0>>>>>>>>>>>>>>>>>>>>>>>>>>
train 17741
val 2297
test 4925
	iters: 100, epoch: 1 | loss: 0.5964344
	speed: 0.1021s/iter; left time: 5647.3022s
	iters: 200, epoch: 1 | loss: 0.4026081
	speed: 0.0850s/iter; left time: 4690.5377s
	iters: 300, epoch: 1 | loss: 0.3230398
	speed: 0.0843s/iter; left time: 4644.8185s
	iters: 400, epoch: 1 | loss: 0.2828582
	speed: 0.0843s/iter; left time: 4636.4773s
	iters: 500, epoch: 1 | loss: 0.2573819
	speed: 0.0847s/iter; left time: 4648.4872s
Epoch: 1 cost time: 48.46064043045044
Epoch: 1, Steps: 554 | Train Loss: 0.4130234 Vali Loss: 0.2276883 Test Loss: 0.2577811
Validation loss decreased (inf --> 0.227688).  Saving model ...
Updating learning rate to 4.5910661177995735e-06
	iters: 100, epoch: 2 | loss: 0.2340209
	speed: 0.3506s/iter; left time: 19195.3648s
	iters: 200, epoch: 2 | loss: 0.2635675
	speed: 0.0850s/iter; left time: 4643.2702s
	iters: 300, epoch: 2 | loss: 0.2539348
	speed: 0.0854s/iter; left time: 4656.2664s
	iters: 400, epoch: 2 | loss: 0.2206756
	speed: 0.0852s/iter; left time: 4637.9225s
	iters: 500, epoch: 2 | loss: 0.2220943
	speed: 0.0856s/iter; left time: 4650.9222s
Epoch: 2 cost time: 48.33265805244446
Epoch: 2, Steps: 554 | Train Loss: 0.2401284 Vali Loss: 0.1883923 Test Loss: 0.2162163
Validation loss decreased (0.227688 --> 0.188392).  Saving model ...
Updating learning rate to 6.349707839714525e-06
	iters: 100, epoch: 3 | loss: 0.2425120
	speed: 0.3418s/iter; left time: 18524.7472s
	iters: 200, epoch: 3 | loss: 0.2362057
	speed: 0.0841s/iter; left time: 4548.6146s
	iters: 300, epoch: 3 | loss: 0.1930103
	speed: 0.0858s/iter; left time: 4632.6058s
	iters: 400, epoch: 3 | loss: 0.1986630
	speed: 0.0843s/iter; left time: 4544.5470s
	iters: 500, epoch: 3 | loss: 0.2421325
	speed: 0.0846s/iter; left time: 4553.4690s
Epoch: 3 cost time: 47.73940467834473
Epoch: 3, Steps: 554 | Train Loss: 0.2136645 Vali Loss: 0.1718017 Test Loss: 0.1985153
Validation loss decreased (0.188392 --> 0.171802).  Saving model ...
Updating learning rate to 9.232613768445975e-06
	iters: 100, epoch: 4 | loss: 0.1812321
	speed: 0.3335s/iter; left time: 17891.1409s
	iters: 200, epoch: 4 | loss: 0.2128640
	speed: 0.0839s/iter; left time: 4491.6399s
	iters: 300, epoch: 4 | loss: 0.2038079
	speed: 0.0839s/iter; left time: 4485.0061s
	iters: 400, epoch: 4 | loss: 0.2036258
	speed: 0.0850s/iter; left time: 4531.3203s
	iters: 500, epoch: 4 | loss: 0.2139148
	speed: 0.0847s/iter; left time: 4509.4336s
Epoch: 4 cost time: 47.67191171646118
Epoch: 4, Steps: 554 | Train Loss: 0.2000004 Vali Loss: 0.1620261 Test Loss: 0.1871589
Validation loss decreased (0.171802 --> 0.162026).  Saving model ...
Updating learning rate to 1.316878440335742e-05
	iters: 100, epoch: 5 | loss: 0.1946454
	speed: 0.3386s/iter; left time: 17972.5352s
	iters: 200, epoch: 5 | loss: 0.2100158
	speed: 0.0860s/iter; left time: 4557.0095s
	iters: 300, epoch: 5 | loss: 0.1955509
	speed: 0.0834s/iter; left time: 4411.4879s
	iters: 400, epoch: 5 | loss: 0.1778388
	speed: 0.0840s/iter; left time: 4432.7978s
	iters: 500, epoch: 5 | loss: 0.1834737
	speed: 0.0835s/iter; left time: 4400.7903s
Epoch: 5 cost time: 47.757802963256836
Epoch: 5, Steps: 554 | Train Loss: 0.1917458 Vali Loss: 0.1561854 Test Loss: 0.1811004
Validation loss decreased (0.162026 --> 0.156185).  Saving model ...
Updating learning rate to 1.8061280698774935e-05
	iters: 100, epoch: 6 | loss: 0.1977857
	speed: 0.3394s/iter; left time: 17827.8891s
	iters: 200, epoch: 6 | loss: 0.1876368
	speed: 0.0840s/iter; left time: 4402.5570s
	iters: 300, epoch: 6 | loss: 0.1588999
	speed: 0.0833s/iter; left time: 4356.7653s
	iters: 400, epoch: 6 | loss: 0.2120078
	speed: 0.0839s/iter; left time: 4384.1271s
	iters: 500, epoch: 6 | loss: 0.1731064
	speed: 0.0842s/iter; left time: 4389.5161s
Epoch: 6 cost time: 47.29206085205078
Epoch: 6, Steps: 554 | Train Loss: 0.1868184 Vali Loss: 0.1536045 Test Loss: 0.1766376
Validation loss decreased (0.156185 --> 0.153604).  Saving model ...
Updating learning rate to 2.378961145504515e-05
	iters: 100, epoch: 7 | loss: 0.1502645
	speed: 0.3459s/iter; left time: 17979.8996s
	iters: 200, epoch: 7 | loss: 0.1686204
	speed: 0.0859s/iter; left time: 4457.4309s
	iters: 300, epoch: 7 | loss: 0.2015522
	speed: 0.0842s/iter; left time: 4358.6922s
	iters: 400, epoch: 7 | loss: 0.1933553
	speed: 0.0831s/iter; left time: 4293.1361s
	iters: 500, epoch: 7 | loss: 0.1926786
	speed: 0.0834s/iter; left time: 4299.8592s
Epoch: 7 cost time: 47.587419271469116
Epoch: 7, Steps: 554 | Train Loss: 0.1839353 Vali Loss: 0.1508762 Test Loss: 0.1747454
Validation loss decreased (0.153604 --> 0.150876).  Saving model ...
Updating learning rate to 3.021270074626886e-05
	iters: 100, epoch: 8 | loss: 0.1916046
	speed: 0.3372s/iter; left time: 17338.3583s
	iters: 200, epoch: 8 | loss: 0.1746370
	speed: 0.0847s/iter; left time: 4346.9651s
	iters: 300, epoch: 8 | loss: 0.1743473
	speed: 0.0854s/iter; left time: 4375.4937s
	iters: 400, epoch: 8 | loss: 0.1857482
	speed: 0.0854s/iter; left time: 4366.6366s
	iters: 500, epoch: 8 | loss: 0.1772353
	speed: 0.0853s/iter; left time: 4353.3520s
Epoch: 8 cost time: 48.17335295677185
Epoch: 8, Steps: 554 | Train Loss: 0.1819519 Vali Loss: 0.1499100 Test Loss: 0.1726600
Validation loss decreased (0.150876 --> 0.149910).  Saving model ...
Updating learning rate to 3.7172362303627586e-05
	iters: 100, epoch: 9 | loss: 0.1793252
	speed: 0.3456s/iter; left time: 17580.3865s
	iters: 200, epoch: 9 | loss: 0.1585661
	speed: 0.0853s/iter; left time: 4330.5455s
	iters: 300, epoch: 9 | loss: 0.1716375
	speed: 0.0844s/iter; left time: 4274.7645s
	iters: 400, epoch: 9 | loss: 0.1688202
	speed: 0.0833s/iter; left time: 4211.3208s
	iters: 500, epoch: 9 | loss: 0.1850899
	speed: 0.0844s/iter; left time: 4261.5302s
Epoch: 9 cost time: 48.0669105052948
Epoch: 9, Steps: 554 | Train Loss: 0.1807252 Vali Loss: 0.1488809 Test Loss: 0.1720970
Validation loss decreased (0.149910 --> 0.148881).  Saving model ...
Updating learning rate to 4.4497195288041866e-05
	iters: 100, epoch: 10 | loss: 0.1817722
	speed: 0.3456s/iter; left time: 17388.8219s
	iters: 200, epoch: 10 | loss: 0.1679628
	speed: 0.0853s/iter; left time: 4281.6267s
	iters: 300, epoch: 10 | loss: 0.1761186
	speed: 0.0842s/iter; left time: 4219.5017s
	iters: 400, epoch: 10 | loss: 0.1746429
	speed: 0.0847s/iter; left time: 4234.8484s
	iters: 500, epoch: 10 | loss: 0.1826372
	speed: 0.0848s/iter; left time: 4233.3651s
Epoch: 10 cost time: 48.10760807991028
Epoch: 10, Steps: 554 | Train Loss: 0.1797369 Vali Loss: 0.1488287 Test Loss: 0.1704830
Validation loss decreased (0.148881 --> 0.148829).  Saving model ...
Updating learning rate to 5.2006805508027226e-05
	iters: 100, epoch: 11 | loss: 0.1840484
	speed: 0.3408s/iter; left time: 16960.9013s
	iters: 200, epoch: 11 | loss: 0.1738984
	speed: 0.0852s/iter; left time: 4233.4781s
	iters: 300, epoch: 11 | loss: 0.1898264
	speed: 0.0854s/iter; left time: 4231.9999s
	iters: 400, epoch: 11 | loss: 0.1927226
	speed: 0.0847s/iter; left time: 4190.1475s
	iters: 500, epoch: 11 | loss: 0.1776301
	speed: 0.0854s/iter; left time: 4214.6732s
Epoch: 11 cost time: 48.102794885635376
Epoch: 11, Steps: 554 | Train Loss: 0.1789508 Vali Loss: 0.1490820 Test Loss: 0.1715856
EarlyStopping counter: 1 out of 10
Updating learning rate to 5.951624812362886e-05
	iters: 100, epoch: 12 | loss: 0.1971154
	speed: 0.3466s/iter; left time: 17057.1713s
	iters: 200, epoch: 12 | loss: 0.1632407
	speed: 0.0850s/iter; left time: 4172.9171s
	iters: 300, epoch: 12 | loss: 0.1855913
	speed: 0.0858s/iter; left time: 4204.5796s
	iters: 400, epoch: 12 | loss: 0.1838181
	speed: 0.0845s/iter; left time: 4132.5182s
	iters: 500, epoch: 12 | loss: 0.2116653
	speed: 0.0849s/iter; left time: 4143.2798s
Epoch: 12 cost time: 48.47883176803589
Epoch: 12, Steps: 554 | Train Loss: 0.1783218 Vali Loss: 0.1470389 Test Loss: 0.1690805
Validation loss decreased (0.148829 --> 0.147039).  Saving model ...
Updating learning rate to 6.684058242261166e-05
	iters: 100, epoch: 13 | loss: 0.1708459
	speed: 0.3459s/iter; left time: 16829.5902s
	iters: 200, epoch: 13 | loss: 0.2158972
	speed: 0.0846s/iter; left time: 4105.5094s
	iters: 300, epoch: 13 | loss: 0.1521475
	speed: 0.0837s/iter; left time: 4054.7116s
	iters: 400, epoch: 13 | loss: 0.1929332
	speed: 0.0835s/iter; left time: 4037.4564s
	iters: 500, epoch: 13 | loss: 0.1767021
	speed: 0.0853s/iter; left time: 4115.2974s
Epoch: 13 cost time: 47.73186635971069
Epoch: 13, Steps: 554 | Train Loss: 0.1776056 Vali Loss: 0.1471066 Test Loss: 0.1689519
EarlyStopping counter: 1 out of 10
Updating learning rate to 7.379942649499374e-05
	iters: 100, epoch: 14 | loss: 0.1971398
	speed: 0.3463s/iter; left time: 16654.3978s
	iters: 200, epoch: 14 | loss: 0.1841545
	speed: 0.0852s/iter; left time: 4087.5484s
	iters: 300, epoch: 14 | loss: 0.1772323
	speed: 0.0856s/iter; left time: 4102.0112s
	iters: 400, epoch: 14 | loss: 0.1849719
	speed: 0.0861s/iter; left time: 4115.8782s
	iters: 500, epoch: 14 | loss: 0.1850261
	speed: 0.0855s/iter; left time: 4078.3407s
Epoch: 14 cost time: 48.46185493469238
Epoch: 14, Steps: 554 | Train Loss: 0.1770007 Vali Loss: 0.1468802 Test Loss: 0.1680142
Validation loss decreased (0.147039 --> 0.146880).  Saving model ...
Updating learning rate to 8.022139963451526e-05
	iters: 100, epoch: 15 | loss: 0.1848088
	speed: 0.3324s/iter; left time: 15805.7167s
	iters: 200, epoch: 15 | loss: 0.1933521
	speed: 0.0835s/iter; left time: 3962.3534s
	iters: 300, epoch: 15 | loss: 0.2012194
	speed: 0.0835s/iter; left time: 3954.8385s
	iters: 400, epoch: 15 | loss: 0.1802896
	speed: 0.0844s/iter; left time: 3985.6982s
	iters: 500, epoch: 15 | loss: 0.1614504
	speed: 0.0841s/iter; left time: 3965.7863s
Epoch: 15 cost time: 47.44105577468872
Epoch: 15, Steps: 554 | Train Loss: 0.1763570 Vali Loss: 0.1468113 Test Loss: 0.1691608
Validation loss decreased (0.146880 --> 0.146811).  Saving model ...
Updating learning rate to 8.594834306066832e-05
	iters: 100, epoch: 16 | loss: 0.1760470
	speed: 0.3375s/iter; left time: 15858.7162s
	iters: 200, epoch: 16 | loss: 0.1820999
	speed: 0.0829s/iter; left time: 3888.0778s
	iters: 300, epoch: 16 | loss: 0.1631809
	speed: 0.0839s/iter; left time: 3925.8799s
	iters: 400, epoch: 16 | loss: 0.1521144
	speed: 0.0850s/iter; left time: 3966.8119s
	iters: 500, epoch: 16 | loss: 0.1905274
	speed: 0.0842s/iter; left time: 3921.4553s
Epoch: 16 cost time: 47.24692463874817
Epoch: 16, Steps: 554 | Train Loss: 0.1760508 Vali Loss: 0.1467506 Test Loss: 0.1677162
Validation loss decreased (0.146811 --> 0.146751).  Saving model ...
Updating learning rate to 9.083921501437982e-05
	iters: 100, epoch: 17 | loss: 0.1527488
	speed: 0.3387s/iter; left time: 15727.1337s
	iters: 200, epoch: 17 | loss: 0.1714375
	speed: 0.0845s/iter; left time: 3915.5635s
	iters: 300, epoch: 17 | loss: 0.1630363
	speed: 0.0857s/iter; left time: 3962.8230s
	iters: 400, epoch: 17 | loss: 0.1692189
	speed: 0.0839s/iter; left time: 3869.3052s
	iters: 500, epoch: 17 | loss: 0.1761262
	speed: 0.0852s/iter; left time: 3921.7074s
Epoch: 17 cost time: 47.850361347198486
Epoch: 17, Steps: 554 | Train Loss: 0.1754944 Vali Loss: 0.1471601 Test Loss: 0.1677601
EarlyStopping counter: 1 out of 10
Updating learning rate to 9.47735642998858e-05
	iters: 100, epoch: 18 | loss: 0.1655340
	speed: 0.3468s/iter; left time: 15911.8319s
	iters: 200, epoch: 18 | loss: 0.1754976
	speed: 0.0838s/iter; left time: 3834.9783s
	iters: 300, epoch: 18 | loss: 0.1898063
	speed: 0.0848s/iter; left time: 3876.0864s
	iters: 400, epoch: 18 | loss: 0.1961497
	speed: 0.0842s/iter; left time: 3837.7298s
	iters: 500, epoch: 18 | loss: 0.1626652
	speed: 0.0864s/iter; left time: 3928.5038s
Epoch: 18 cost time: 48.06802701950073
Epoch: 18, Steps: 554 | Train Loss: 0.1749735 Vali Loss: 0.1466605 Test Loss: 0.1701195
Validation loss decreased (0.146751 --> 0.146661).  Saving model ...
Updating learning rate to 9.765449672725912e-05
	iters: 100, epoch: 19 | loss: 0.1773456
	speed: 0.3420s/iter; left time: 15503.8881s
	iters: 200, epoch: 19 | loss: 0.1664624
	speed: 0.0847s/iter; left time: 3830.9807s
	iters: 300, epoch: 19 | loss: 0.1529822
	speed: 0.0848s/iter; left time: 3829.1526s
	iters: 400, epoch: 19 | loss: 0.1756944
	speed: 0.0850s/iter; left time: 3828.6787s
	iters: 500, epoch: 19 | loss: 0.1812774
	speed: 0.0854s/iter; left time: 3834.7574s
Epoch: 19 cost time: 47.996726274490356
Epoch: 19, Steps: 554 | Train Loss: 0.1748090 Vali Loss: 0.1457071 Test Loss: 0.1680903
Validation loss decreased (0.146661 --> 0.145707).  Saving model ...
Updating learning rate to 9.941106139877101e-05
	iters: 100, epoch: 20 | loss: 0.2050722
	speed: 0.3457s/iter; left time: 15477.7166s
	iters: 200, epoch: 20 | loss: 0.1798745
	speed: 0.0843s/iter; left time: 3766.8497s
	iters: 300, epoch: 20 | loss: 0.2084971
	speed: 0.0838s/iter; left time: 3737.5684s
	iters: 400, epoch: 20 | loss: 0.1708028
	speed: 0.0838s/iter; left time: 3725.0546s
	iters: 500, epoch: 20 | loss: 0.1595465
	speed: 0.0845s/iter; left time: 3749.6903s
Epoch: 20 cost time: 47.63696837425232
Epoch: 20, Steps: 554 | Train Loss: 0.1741014 Vali Loss: 0.1465222 Test Loss: 0.1661474
EarlyStopping counter: 1 out of 10
Updating learning rate to 9.999999987438587e-05
	iters: 100, epoch: 21 | loss: 0.1593854
	speed: 0.3379s/iter; left time: 14940.4295s
	iters: 200, epoch: 21 | loss: 0.1727913
	speed: 0.0854s/iter; left time: 3767.5337s
	iters: 300, epoch: 21 | loss: 0.1767076
	speed: 0.0849s/iter; left time: 3737.9934s
	iters: 400, epoch: 21 | loss: 0.1846162
	speed: 0.0844s/iter; left time: 3706.6770s
	iters: 500, epoch: 21 | loss: 0.1916863
	speed: 0.0856s/iter; left time: 3749.0241s
Epoch: 21 cost time: 47.899762868881226
Epoch: 21, Steps: 554 | Train Loss: 0.1737728 Vali Loss: 0.1451528 Test Loss: 0.1656369
Validation loss decreased (0.145707 --> 0.145153).  Saving model ...
Updating learning rate to 9.996131269601925e-05
	iters: 100, epoch: 22 | loss: 0.1567661
	speed: 0.3411s/iter; left time: 14896.3263s
	iters: 200, epoch: 22 | loss: 0.1643591
	speed: 0.0843s/iter; left time: 3671.0206s
	iters: 300, epoch: 22 | loss: 0.1684628
	speed: 0.0850s/iter; left time: 3694.5727s
	iters: 400, epoch: 22 | loss: 0.1583574
	speed: 0.0839s/iter; left time: 3637.4635s
	iters: 500, epoch: 22 | loss: 0.1559102
	speed: 0.0859s/iter; left time: 3718.6302s
Epoch: 22 cost time: 47.80830645561218
Epoch: 22, Steps: 554 | Train Loss: 0.1732520 Vali Loss: 0.1452093 Test Loss: 0.1671503
EarlyStopping counter: 1 out of 10
Updating learning rate to 9.984558910312905e-05
	iters: 100, epoch: 23 | loss: 0.1749335
	speed: 0.3407s/iter; left time: 14690.5320s
	iters: 200, epoch: 23 | loss: 0.1754859
	speed: 0.0835s/iter; left time: 3589.7090s
	iters: 300, epoch: 23 | loss: 0.1558685
	speed: 0.0833s/iter; left time: 3576.2729s
	iters: 400, epoch: 23 | loss: 0.1604656
	speed: 0.0845s/iter; left time: 3616.8425s
	iters: 500, epoch: 23 | loss: 0.1878605
	speed: 0.0844s/iter; left time: 3604.6072s
Epoch: 23 cost time: 47.667515993118286
Epoch: 23, Steps: 554 | Train Loss: 0.1730264 Vali Loss: 0.1452180 Test Loss: 0.1674461
EarlyStopping counter: 2 out of 10
Updating learning rate to 9.965300753310769e-05
	iters: 100, epoch: 24 | loss: 0.1659240
	speed: 0.3392s/iter; left time: 14436.2462s
	iters: 200, epoch: 24 | loss: 0.1798222
	speed: 0.0830s/iter; left time: 3524.2371s
	iters: 300, epoch: 24 | loss: 0.1751130
	speed: 0.0842s/iter; left time: 3565.0921s
	iters: 400, epoch: 24 | loss: 0.1682309
	speed: 0.0836s/iter; left time: 3534.9062s
	iters: 500, epoch: 24 | loss: 0.1755673
	speed: 0.0843s/iter; left time: 3552.8514s
Epoch: 24 cost time: 47.63076305389404
Epoch: 24, Steps: 554 | Train Loss: 0.1726799 Vali Loss: 0.1448561 Test Loss: 0.1669169
Validation loss decreased (0.145153 --> 0.144856).  Saving model ...
Updating learning rate to 9.938386493277756e-05
	iters: 100, epoch: 25 | loss: 0.1674336
	speed: 0.3490s/iter; left time: 14661.5873s
	iters: 200, epoch: 25 | loss: 0.1707424
	speed: 0.0854s/iter; left time: 3577.5368s
	iters: 300, epoch: 25 | loss: 0.1641421
	speed: 0.0846s/iter; left time: 3537.0179s
	iters: 400, epoch: 25 | loss: 0.1852281
	speed: 0.0838s/iter; left time: 3496.5434s
	iters: 500, epoch: 25 | loss: 0.1832746
	speed: 0.0845s/iter; left time: 3515.2796s
Epoch: 25 cost time: 47.912564754486084
Epoch: 25, Steps: 554 | Train Loss: 0.1723575 Vali Loss: 0.1445938 Test Loss: 0.1655375
Validation loss decreased (0.144856 --> 0.144594).  Saving model ...
Updating learning rate to 9.903857630052054e-05
	iters: 100, epoch: 26 | loss: 0.1546784
	speed: 0.3392s/iter; left time: 14061.4290s
	iters: 200, epoch: 26 | loss: 0.1857251
	speed: 0.0850s/iter; left time: 3515.0573s
	iters: 300, epoch: 26 | loss: 0.1928487
	speed: 0.0852s/iter; left time: 3514.9021s
	iters: 400, epoch: 26 | loss: 0.1597146
	speed: 0.0870s/iter; left time: 3580.8510s
	iters: 500, epoch: 26 | loss: 0.1754280
	speed: 0.0846s/iter; left time: 3472.1736s
Epoch: 26 cost time: 48.34578490257263
Epoch: 26, Steps: 554 | Train Loss: 0.1719395 Vali Loss: 0.1450445 Test Loss: 0.1654968
EarlyStopping counter: 1 out of 10
Updating learning rate to 9.861767404638053e-05
	iters: 100, epoch: 27 | loss: 0.1548414
	speed: 0.3401s/iter; left time: 13909.0270s
	iters: 200, epoch: 27 | loss: 0.1843953
	speed: 0.0841s/iter; left time: 3430.9990s
	iters: 300, epoch: 27 | loss: 0.1730865
	speed: 0.0841s/iter; left time: 3423.0209s
	iters: 400, epoch: 27 | loss: 0.1740765
	speed: 0.0842s/iter; left time: 3416.6055s
	iters: 500, epoch: 27 | loss: 0.1784662
	speed: 0.0840s/iter; left time: 3402.0879s
Epoch: 27 cost time: 47.66488862037659
Epoch: 27, Steps: 554 | Train Loss: 0.1718269 Vali Loss: 0.1446899 Test Loss: 0.1679493
EarlyStopping counter: 2 out of 10
Updating learning rate to 9.812180717112581e-05
	iters: 100, epoch: 28 | loss: 0.1719504
	speed: 0.3286s/iter; left time: 13258.4031s
	iters: 200, epoch: 28 | loss: 0.1539121
	speed: 0.0832s/iter; left time: 3349.3854s
	iters: 300, epoch: 28 | loss: 0.1646052
	speed: 0.0855s/iter; left time: 3431.8048s
	iters: 400, epoch: 28 | loss: 0.1738892
	speed: 0.0848s/iter; left time: 3394.7845s
	iters: 500, epoch: 28 | loss: 0.1619028
	speed: 0.0856s/iter; left time: 3420.7641s
Epoch: 28 cost time: 47.78450632095337
Epoch: 28, Steps: 554 | Train Loss: 0.1713879 Vali Loss: 0.1455263 Test Loss: 0.1648983
EarlyStopping counter: 3 out of 10
Updating learning rate to 9.755174026553687e-05
	iters: 100, epoch: 29 | loss: 0.1655019
	speed: 0.3337s/iter; left time: 13275.8040s
	iters: 200, epoch: 29 | loss: 0.2109778
	speed: 0.0847s/iter; left time: 3362.5158s
	iters: 300, epoch: 29 | loss: 0.1460312
	speed: 0.0848s/iter; left time: 3356.0017s
	iters: 400, epoch: 29 | loss: 0.1728342
	speed: 0.0858s/iter; left time: 3388.4355s
	iters: 500, epoch: 29 | loss: 0.1603771
	speed: 0.0837s/iter; left time: 3296.1318s
Epoch: 29 cost time: 47.948806285858154
Epoch: 29, Steps: 554 | Train Loss: 0.1711490 Vali Loss: 0.1441409 Test Loss: 0.1653850
Validation loss decreased (0.144594 --> 0.144141).  Saving model ...
Updating learning rate to 9.690835233146288e-05
	iters: 100, epoch: 30 | loss: 0.1692810
	speed: 0.3335s/iter; left time: 13085.5212s
	iters: 200, epoch: 30 | loss: 0.1727609
	speed: 0.0859s/iter; left time: 3360.4756s
	iters: 300, epoch: 30 | loss: 0.1815422
	speed: 0.0851s/iter; left time: 3320.8650s
	iters: 400, epoch: 30 | loss: 0.1804406
	speed: 0.0863s/iter; left time: 3359.9777s
	iters: 500, epoch: 30 | loss: 0.2009078
	speed: 0.0849s/iter; left time: 3296.1530s
Epoch: 30 cost time: 48.21726751327515
Epoch: 30, Steps: 554 | Train Loss: 0.1708649 Vali Loss: 0.1444653 Test Loss: 0.1665731
EarlyStopping counter: 1 out of 10
Updating learning rate to 9.619263542646447e-05
	iters: 100, epoch: 31 | loss: 0.1528107
	speed: 0.3351s/iter; left time: 12960.3258s
	iters: 200, epoch: 31 | loss: 0.1931035
	speed: 0.0859s/iter; left time: 3312.6838s
	iters: 300, epoch: 31 | loss: 0.1899299
	speed: 0.0857s/iter; left time: 3298.2990s
	iters: 400, epoch: 31 | loss: 0.1578684
	speed: 0.0836s/iter; left time: 3208.9385s
	iters: 500, epoch: 31 | loss: 0.2033461
	speed: 0.0850s/iter; left time: 3254.8735s
Epoch: 31 cost time: 48.07116889953613
Epoch: 31, Steps: 554 | Train Loss: 0.1707273 Vali Loss: 0.1446309 Test Loss: 0.1643433
EarlyStopping counter: 2 out of 10
Updating learning rate to 9.540569313413296e-05
	iters: 100, epoch: 32 | loss: 0.1582605
	speed: 0.3416s/iter; left time: 13024.5238s
	iters: 200, epoch: 32 | loss: 0.1724436
	speed: 0.0836s/iter; left time: 3179.2589s
	iters: 300, epoch: 32 | loss: 0.1609037
	speed: 0.0832s/iter; left time: 3157.0666s
	iters: 400, epoch: 32 | loss: 0.1904058
	speed: 0.0847s/iter; left time: 3203.8947s
	iters: 500, epoch: 32 | loss: 0.1685187
	speed: 0.0851s/iter; left time: 3211.9983s
Epoch: 32 cost time: 47.69026494026184
Epoch: 32, Steps: 554 | Train Loss: 0.1703449 Vali Loss: 0.1445879 Test Loss: 0.1643504
EarlyStopping counter: 3 out of 10
Updating learning rate to 9.454873886244442e-05
	iters: 100, epoch: 33 | loss: 0.1511786
	speed: 0.3460s/iter; left time: 13000.2568s
	iters: 200, epoch: 33 | loss: 0.1892251
	speed: 0.0870s/iter; left time: 3259.7383s
	iters: 300, epoch: 33 | loss: 0.1625449
	speed: 0.0838s/iter; left time: 3131.6829s
	iters: 400, epoch: 33 | loss: 0.1803554
	speed: 0.0840s/iter; left time: 3132.4125s
	iters: 500, epoch: 33 | loss: 0.1845044
	speed: 0.0857s/iter; left time: 3185.9749s
Epoch: 33 cost time: 48.203763246536255
Epoch: 33, Steps: 554 | Train Loss: 0.1700136 Vali Loss: 0.1437816 Test Loss: 0.1649946
Validation loss decreased (0.144141 --> 0.143782).  Saving model ...
Updating learning rate to 9.362309397277248e-05
	iters: 100, epoch: 34 | loss: 0.1774826
	speed: 0.3404s/iter; left time: 12601.7090s
	iters: 200, epoch: 34 | loss: 0.1627705
	speed: 0.0838s/iter; left time: 3093.2627s
	iters: 300, epoch: 34 | loss: 0.1593130
	speed: 0.0869s/iter; left time: 3201.0659s
	iters: 400, epoch: 34 | loss: 0.1891548
	speed: 0.0857s/iter; left time: 3147.5090s
	iters: 500, epoch: 34 | loss: 0.1410231
	speed: 0.0858s/iter; left time: 3141.3449s
Epoch: 34 cost time: 48.020413398742676
Epoch: 34, Steps: 554 | Train Loss: 0.1698313 Vali Loss: 0.1444855 Test Loss: 0.1646527
EarlyStopping counter: 1 out of 10
Updating learning rate to 9.263018574244496e-05
	iters: 100, epoch: 35 | loss: 0.1384239
	speed: 0.3297s/iter; left time: 12023.8734s
	iters: 200, epoch: 35 | loss: 0.1824259
	speed: 0.0855s/iter; left time: 3107.9424s
	iters: 300, epoch: 35 | loss: 0.1744649
	speed: 0.0844s/iter; left time: 3061.8165s
	iters: 400, epoch: 35 | loss: 0.1822174
	speed: 0.0841s/iter; left time: 3042.6253s
	iters: 500, epoch: 35 | loss: 0.1590483
	speed: 0.0841s/iter; left time: 3031.7909s
Epoch: 35 cost time: 47.569703578948975
Epoch: 35, Steps: 554 | Train Loss: 0.1696552 Vali Loss: 0.1447399 Test Loss: 0.1644131
EarlyStopping counter: 2 out of 10
Updating learning rate to 9.15715451639856e-05
	iters: 100, epoch: 36 | loss: 0.1723013
	speed: 0.3383s/iter; left time: 12147.9573s
	iters: 200, epoch: 36 | loss: 0.1856233
	speed: 0.0844s/iter; left time: 3023.1510s
	iters: 300, epoch: 36 | loss: 0.1436542
	speed: 0.0844s/iter; left time: 3014.3800s
	iters: 400, epoch: 36 | loss: 0.1554113
	speed: 0.0846s/iter; left time: 3012.5973s
	iters: 500, epoch: 36 | loss: 0.1682599
	speed: 0.0856s/iter; left time: 3040.2922s
Epoch: 36 cost time: 48.17711639404297
Epoch: 36, Steps: 554 | Train Loss: 0.1693414 Vali Loss: 0.1440891 Test Loss: 0.1640809
EarlyStopping counter: 3 out of 10
Updating learning rate to 9.044880458443457e-05
	iters: 100, epoch: 37 | loss: 0.1765550
	speed: 0.3482s/iter; left time: 12310.3427s
	iters: 200, epoch: 37 | loss: 0.1802956
	speed: 0.0842s/iter; left time: 2969.8334s
	iters: 300, epoch: 37 | loss: 0.1650065
	speed: 0.0857s/iter; left time: 3012.2709s
	iters: 400, epoch: 37 | loss: 0.1566996
	speed: 0.0867s/iter; left time: 3040.2722s
	iters: 500, epoch: 37 | loss: 0.1612311
	speed: 0.0871s/iter; left time: 3045.0638s
Epoch: 37 cost time: 48.28791928291321
Epoch: 37, Steps: 554 | Train Loss: 0.1692210 Vali Loss: 0.1436631 Test Loss: 0.1653161
Validation loss decreased (0.143782 --> 0.143663).  Saving model ...
Updating learning rate to 8.92636951883877e-05
	iters: 100, epoch: 38 | loss: 0.1734582
	speed: 0.3400s/iter; left time: 11834.6190s
	iters: 200, epoch: 38 | loss: 0.1733972
	speed: 0.0847s/iter; left time: 2939.6751s
	iters: 300, epoch: 38 | loss: 0.1677320
	speed: 0.0845s/iter; left time: 2923.2373s
	iters: 400, epoch: 38 | loss: 0.1820551
	speed: 0.0835s/iter; left time: 2879.5790s
	iters: 500, epoch: 38 | loss: 0.1800276
	speed: 0.0839s/iter; left time: 2884.7641s
Epoch: 38 cost time: 47.60990118980408
Epoch: 38, Steps: 554 | Train Loss: 0.1688163 Vali Loss: 0.1449749 Test Loss: 0.1644511
EarlyStopping counter: 1 out of 10
Updating learning rate to 8.801804432863523e-05
	iters: 100, epoch: 39 | loss: 0.1643558
	speed: 0.3426s/iter; left time: 11732.6811s
	iters: 200, epoch: 39 | loss: 0.1752270
	speed: 0.0840s/iter; left time: 2868.6847s
	iters: 300, epoch: 39 | loss: 0.1873428
	speed: 0.0854s/iter; left time: 2906.1970s
	iters: 400, epoch: 39 | loss: 0.1599619
	speed: 0.0862s/iter; left time: 2925.1578s
	iters: 500, epoch: 39 | loss: 0.1844139
	speed: 0.0840s/iter; left time: 2844.1756s
Epoch: 39 cost time: 47.96847891807556
Epoch: 39, Steps: 554 | Train Loss: 0.1685977 Vali Loss: 0.1452507 Test Loss: 0.1637699
EarlyStopping counter: 2 out of 10
Updating learning rate to 8.671377270851632e-05
	iters: 100, epoch: 40 | loss: 0.1559196
	speed: 0.3334s/iter; left time: 11232.3803s
	iters: 200, epoch: 40 | loss: 0.1480809
	speed: 0.0849s/iter; left time: 2850.8328s
	iters: 300, epoch: 40 | loss: 0.1680658
	speed: 0.0845s/iter; left time: 2830.6030s
	iters: 400, epoch: 40 | loss: 0.1752610
	speed: 0.0840s/iter; left time: 2806.5500s
	iters: 500, epoch: 40 | loss: 0.1894839
	speed: 0.0858s/iter; left time: 2855.5813s
Epoch: 40 cost time: 47.78172326087952
Epoch: 40, Steps: 554 | Train Loss: 0.1684322 Vali Loss: 0.1438537 Test Loss: 0.1655805
EarlyStopping counter: 3 out of 10
Updating learning rate to 8.535289142033371e-05
	iters: 100, epoch: 41 | loss: 0.1817278
	speed: 0.3372s/iter; left time: 11176.7714s
	iters: 200, epoch: 41 | loss: 0.1698347
	speed: 0.0854s/iter; left time: 2821.4892s
	iters: 300, epoch: 41 | loss: 0.1590295
	speed: 0.0856s/iter; left time: 2819.3972s
	iters: 400, epoch: 41 | loss: 0.1620170
	speed: 0.0860s/iter; left time: 2823.4661s
	iters: 500, epoch: 41 | loss: 0.1571777
	speed: 0.0848s/iter; left time: 2777.5407s
Epoch: 41 cost time: 48.11549735069275
Epoch: 41, Steps: 554 | Train Loss: 0.1681881 Vali Loss: 0.1436628 Test Loss: 0.1645692
Validation loss decreased (0.143663 --> 0.143663).  Saving model ...
Updating learning rate to 8.393749884439515e-05
	iters: 100, epoch: 42 | loss: 0.1911743
	speed: 0.3371s/iter; left time: 10985.3496s
	iters: 200, epoch: 42 | loss: 0.1514877
	speed: 0.0845s/iter; left time: 2746.6766s
	iters: 300, epoch: 42 | loss: 0.1734769
	speed: 0.0852s/iter; left time: 2758.2839s
	iters: 400, epoch: 42 | loss: 0.1899428
	speed: 0.0848s/iter; left time: 2739.3077s
	iters: 500, epoch: 42 | loss: 0.1732857
	speed: 0.0857s/iter; left time: 2758.4317s
Epoch: 42 cost time: 48.04986095428467
Epoch: 42, Steps: 554 | Train Loss: 0.1680467 Vali Loss: 0.1434612 Test Loss: 0.1642912
Validation loss decreased (0.143663 --> 0.143461).  Saving model ...
Updating learning rate to 8.246977741346302e-05
	iters: 100, epoch: 43 | loss: 0.1788480
	speed: 0.3454s/iter; left time: 11064.9195s
	iters: 200, epoch: 43 | loss: 0.1613630
	speed: 0.0847s/iter; left time: 2705.7409s
	iters: 300, epoch: 43 | loss: 0.1635778
	speed: 0.0855s/iter; left time: 2722.5144s
	iters: 400, epoch: 43 | loss: 0.1824694
	speed: 0.0839s/iter; left time: 2663.1539s
	iters: 500, epoch: 43 | loss: 0.1736034
	speed: 0.0853s/iter; left time: 2697.7431s
Epoch: 43 cost time: 47.937662839889526
Epoch: 43, Steps: 554 | Train Loss: 0.1677243 Vali Loss: 0.1442033 Test Loss: 0.1641016
EarlyStopping counter: 1 out of 10
Updating learning rate to 8.095199024760125e-05
	iters: 100, epoch: 44 | loss: 0.1670226
	speed: 0.3459s/iter; left time: 10887.7267s
	iters: 200, epoch: 44 | loss: 0.1572511
	speed: 0.0865s/iter; left time: 2713.3999s
	iters: 300, epoch: 44 | loss: 0.1582253
	speed: 0.0859s/iter; left time: 2688.2856s
	iters: 400, epoch: 44 | loss: 0.1972619
	speed: 0.0853s/iter; left time: 2660.1197s
	iters: 500, epoch: 44 | loss: 0.1505346
	speed: 0.0845s/iter; left time: 2626.9045s
Epoch: 44 cost time: 48.247793674468994
Epoch: 44, Steps: 554 | Train Loss: 0.1676546 Vali Loss: 0.1436017 Test Loss: 0.1660566
EarlyStopping counter: 2 out of 10
Updating learning rate to 7.938647766460819e-05
	iters: 100, epoch: 45 | loss: 0.1578047
	speed: 0.3408s/iter; left time: 10537.8923s
	iters: 200, epoch: 45 | loss: 0.1622536
	speed: 0.0838s/iter; left time: 2582.9015s
	iters: 300, epoch: 45 | loss: 0.1687783
	speed: 0.0851s/iter; left time: 2614.6724s
	iters: 400, epoch: 45 | loss: 0.1853014
	speed: 0.0852s/iter; left time: 2607.7923s
	iters: 500, epoch: 45 | loss: 0.1869520
	speed: 0.0855s/iter; left time: 2609.5825s
Epoch: 45 cost time: 47.92455196380615
Epoch: 45, Steps: 554 | Train Loss: 0.1674607 Vali Loss: 0.1435094 Test Loss: 0.1648748
EarlyStopping counter: 3 out of 10
Updating learning rate to 7.777565357141618e-05
	iters: 100, epoch: 46 | loss: 0.1937105
	speed: 0.3388s/iter; left time: 10289.6571s
	iters: 200, epoch: 46 | loss: 0.1649082
	speed: 0.0856s/iter; left time: 2590.3286s
	iters: 300, epoch: 46 | loss: 0.1467134
	speed: 0.0851s/iter; left time: 2567.5402s
	iters: 400, epoch: 46 | loss: 0.1695041
	speed: 0.0862s/iter; left time: 2592.9623s
	iters: 500, epoch: 46 | loss: 0.1596076
	speed: 0.0848s/iter; left time: 2541.5535s
Epoch: 46 cost time: 48.12788248062134
Epoch: 46, Steps: 554 | Train Loss: 0.1672058 Vali Loss: 0.1467093 Test Loss: 0.1649036
EarlyStopping counter: 4 out of 10
Updating learning rate to 7.61220017420221e-05
	iters: 100, epoch: 47 | loss: 0.1583080
	speed: 0.3452s/iter; left time: 10291.7503s
	iters: 200, epoch: 47 | loss: 0.2151205
	speed: 0.0848s/iter; left time: 2521.4186s
	iters: 300, epoch: 47 | loss: 0.1642496
	speed: 0.0836s/iter; left time: 2476.5576s
	iters: 400, epoch: 47 | loss: 0.1551208
	speed: 0.0853s/iter; left time: 2516.6196s
	iters: 500, epoch: 47 | loss: 0.1496317
	speed: 0.0853s/iter; left time: 2509.4177s
Epoch: 47 cost time: 47.94043016433716
Epoch: 47, Steps: 554 | Train Loss: 0.1670902 Vali Loss: 0.1433167 Test Loss: 0.1643538
Validation loss decreased (0.143461 --> 0.143317).  Saving model ...
Updating learning rate to 7.442807198768776e-05
	iters: 100, epoch: 48 | loss: 0.1693615
	speed: 0.3327s/iter; left time: 9736.2235s
	iters: 200, epoch: 48 | loss: 0.1495311
	speed: 0.0848s/iter; left time: 2472.5268s
	iters: 300, epoch: 48 | loss: 0.1450538
	speed: 0.0848s/iter; left time: 2465.2964s
	iters: 400, epoch: 48 | loss: 0.1700010
	speed: 0.0849s/iter; left time: 2457.9623s
	iters: 500, epoch: 48 | loss: 0.1684459
	speed: 0.0854s/iter; left time: 2464.8149s
Epoch: 48 cost time: 48.042964696884155
Epoch: 48, Steps: 554 | Train Loss: 0.1668375 Vali Loss: 0.1444058 Test Loss: 0.1638300
EarlyStopping counter: 1 out of 10
Updating learning rate to 7.269647622531589e-05
	iters: 100, epoch: 49 | loss: 0.1636037
	speed: 0.3434s/iter; left time: 9859.0910s
	iters: 200, epoch: 49 | loss: 0.1827642
	speed: 0.0869s/iter; left time: 2485.0340s
	iters: 300, epoch: 49 | loss: 0.1574510
	speed: 0.0853s/iter; left time: 2431.4044s
	iters: 400, epoch: 49 | loss: 0.1596034
	speed: 0.0852s/iter; left time: 2419.7219s
	iters: 500, epoch: 49 | loss: 0.1727720
	speed: 0.0837s/iter; left time: 2368.7574s
Epoch: 49 cost time: 48.213629484176636
Epoch: 49, Steps: 554 | Train Loss: 0.1666681 Vali Loss: 0.1440880 Test Loss: 0.1646630
EarlyStopping counter: 2 out of 10
Updating learning rate to 7.092988445006352e-05
	iters: 100, epoch: 50 | loss: 0.1789344
	speed: 0.3324s/iter; left time: 9358.7026s
	iters: 200, epoch: 50 | loss: 0.1617634
	speed: 0.0841s/iter; left time: 2358.1008s
	iters: 300, epoch: 50 | loss: 0.1895968
	speed: 0.0842s/iter; left time: 2354.0832s
	iters: 400, epoch: 50 | loss: 0.1808996
	speed: 0.0845s/iter; left time: 2352.5279s
	iters: 500, epoch: 50 | loss: 0.1774531
	speed: 0.0850s/iter; left time: 2358.8125s
Epoch: 50 cost time: 47.51067590713501
Epoch: 50, Steps: 554 | Train Loss: 0.1664687 Vali Loss: 0.1442398 Test Loss: 0.1641030
EarlyStopping counter: 3 out of 10
Updating learning rate to 6.913102061840293e-05
	iters: 100, epoch: 51 | loss: 0.1430637
	speed: 0.3374s/iter; left time: 9312.4502s
	iters: 200, epoch: 51 | loss: 0.1552422
	speed: 0.0849s/iter; left time: 2333.4864s
	iters: 300, epoch: 51 | loss: 0.1535944
	speed: 0.0837s/iter; left time: 2293.7515s
	iters: 400, epoch: 51 | loss: 0.1623595
	speed: 0.0852s/iter; left time: 2324.8379s
	iters: 500, epoch: 51 | loss: 0.1756875
	speed: 0.0850s/iter; left time: 2312.8279s
Epoch: 51 cost time: 47.70516395568848
Epoch: 51, Steps: 554 | Train Loss: 0.1663185 Vali Loss: 0.1440732 Test Loss: 0.1636647
EarlyStopping counter: 4 out of 10
Updating learning rate to 6.73026584479783e-05
	iters: 100, epoch: 52 | loss: 0.1824895
	speed: 0.3413s/iter; left time: 9230.6369s
	iters: 200, epoch: 52 | loss: 0.1852111
	speed: 0.0860s/iter; left time: 2317.1286s
	iters: 300, epoch: 52 | loss: 0.1794664
	speed: 0.0848s/iter; left time: 2275.4231s
	iters: 400, epoch: 52 | loss: 0.1645496
	speed: 0.0846s/iter; left time: 2262.4181s
	iters: 500, epoch: 52 | loss: 0.1511734
	speed: 0.0856s/iter; left time: 2281.1549s
Epoch: 52 cost time: 47.98805284500122
Epoch: 52, Steps: 554 | Train Loss: 0.1662045 Vali Loss: 0.1438864 Test Loss: 0.1643387
EarlyStopping counter: 5 out of 10
Updating learning rate to 6.544761714073409e-05
	iters: 100, epoch: 53 | loss: 0.1913919
	speed: 0.3330s/iter; left time: 8822.1615s
	iters: 200, epoch: 53 | loss: 0.1537521
	speed: 0.0856s/iter; left time: 2257.9880s
	iters: 300, epoch: 53 | loss: 0.1586273
	speed: 0.0849s/iter; left time: 2230.9650s
	iters: 400, epoch: 53 | loss: 0.1743128
	speed: 0.0837s/iter; left time: 2191.1915s
	iters: 500, epoch: 53 | loss: 0.1644778
	speed: 0.0861s/iter; left time: 2247.0842s
Epoch: 53 cost time: 48.0832724571228
Epoch: 53, Steps: 554 | Train Loss: 0.1658582 Vali Loss: 0.1447269 Test Loss: 0.1638464
EarlyStopping counter: 6 out of 10
Updating learning rate to 6.356875703591e-05
	iters: 100, epoch: 54 | loss: 0.1804720
	speed: 0.3406s/iter; left time: 8834.3763s
	iters: 200, epoch: 54 | loss: 0.1704043
	speed: 0.0840s/iter; left time: 2170.1498s
	iters: 300, epoch: 54 | loss: 0.1899603
	speed: 0.0850s/iter; left time: 2186.8245s
	iters: 400, epoch: 54 | loss: 0.1637456
	speed: 0.0857s/iter; left time: 2196.6827s
	iters: 500, epoch: 54 | loss: 0.1454000
	speed: 0.0854s/iter; left time: 2180.0828s
Epoch: 54 cost time: 47.93663001060486
Epoch: 54, Steps: 554 | Train Loss: 0.1657260 Vali Loss: 0.1434306 Test Loss: 0.1643242
EarlyStopping counter: 7 out of 10
Updating learning rate to 6.166897519960517e-05
	iters: 100, epoch: 55 | loss: 0.1665571
	speed: 0.3440s/iter; left time: 8733.6780s
	iters: 200, epoch: 55 | loss: 0.1675433
	speed: 0.0842s/iter; left time: 2128.2502s
	iters: 300, epoch: 55 | loss: 0.1855298
	speed: 0.0839s/iter; left time: 2113.0670s
	iters: 400, epoch: 55 | loss: 0.1488828
	speed: 0.0842s/iter; left time: 2112.8655s
	iters: 500, epoch: 55 | loss: 0.1471717
	speed: 0.0844s/iter; left time: 2107.7975s
Epoch: 55 cost time: 47.77830100059509
Epoch: 55, Steps: 554 | Train Loss: 0.1655605 Vali Loss: 0.1438805 Test Loss: 0.1643811
EarlyStopping counter: 8 out of 10
Updating learning rate to 5.9751200957712254e-05
	iters: 100, epoch: 56 | loss: 0.1781369
	speed: 0.3368s/iter; left time: 8364.0043s
	iters: 200, epoch: 56 | loss: 0.1549893
	speed: 0.0854s/iter; left time: 2112.5731s
	iters: 300, epoch: 56 | loss: 0.1440488
	speed: 0.0843s/iter; left time: 2076.8546s
	iters: 400, epoch: 56 | loss: 0.1561565
	speed: 0.0851s/iter; left time: 2088.3830s
	iters: 500, epoch: 56 | loss: 0.1756768
	speed: 0.0842s/iter; left time: 2057.4633s
Epoch: 56 cost time: 48.00771522521973
Epoch: 56, Steps: 554 | Train Loss: 0.1652580 Vali Loss: 0.1438518 Test Loss: 0.1644848
EarlyStopping counter: 9 out of 10
Updating learning rate to 5.781839137910919e-05
	iters: 100, epoch: 57 | loss: 0.1835548
	speed: 0.3405s/iter; left time: 8266.0809s
	iters: 200, epoch: 57 | loss: 0.1662934
	speed: 0.0841s/iter; left time: 2033.5474s
	iters: 300, epoch: 57 | loss: 0.1346772
	speed: 0.0831s/iter; left time: 2001.2567s
	iters: 400, epoch: 57 | loss: 0.1574329
	speed: 0.0827s/iter; left time: 1983.7083s
	iters: 500, epoch: 57 | loss: 0.1408754
	speed: 0.0850s/iter; left time: 2029.4565s
Epoch: 57 cost time: 47.536317348480225
Epoch: 57, Steps: 554 | Train Loss: 0.1651646 Vali Loss: 0.1432090 Test Loss: 0.1649578
Validation loss decreased (0.143317 --> 0.143209).  Saving model ...
Updating learning rate to 5.587352671607335e-05
	iters: 100, epoch: 58 | loss: 0.1791358
	speed: 0.3423s/iter; left time: 8120.2458s
	iters: 200, epoch: 58 | loss: 0.1634742
	speed: 0.0849s/iter; left time: 2006.2678s
	iters: 300, epoch: 58 | loss: 0.1703714
	speed: 0.0844s/iter; left time: 1986.1884s
	iters: 400, epoch: 58 | loss: 0.1609233
	speed: 0.0841s/iter; left time: 1970.4315s
	iters: 500, epoch: 58 | loss: 0.1659451
	speed: 0.0857s/iter; left time: 1999.2536s
Epoch: 58 cost time: 48.136099338531494
Epoch: 58, Steps: 554 | Train Loss: 0.1650594 Vali Loss: 0.1441790 Test Loss: 0.1656779
EarlyStopping counter: 1 out of 10
Updating learning rate to 5.391960580894855e-05
	iters: 100, epoch: 59 | loss: 0.1577772
	speed: 0.3423s/iter; left time: 7931.1965s
	iters: 200, epoch: 59 | loss: 0.1732936
	speed: 0.0853s/iter; left time: 1968.4458s
	iters: 300, epoch: 59 | loss: 0.1538656
	speed: 0.0857s/iter; left time: 1968.1011s
	iters: 400, epoch: 59 | loss: 0.1597700
	speed: 0.0844s/iter; left time: 1930.7456s
	iters: 500, epoch: 59 | loss: 0.1656159
	speed: 0.0853s/iter; left time: 1941.7648s
Epoch: 59 cost time: 47.99311566352844
Epoch: 59, Steps: 554 | Train Loss: 0.1648198 Vali Loss: 0.1441970 Test Loss: 0.1647841
EarlyStopping counter: 2 out of 10
Updating learning rate to 5.195964146215053e-05
	iters: 100, epoch: 60 | loss: 0.1630566
	speed: 0.3357s/iter; left time: 7591.4267s
	iters: 200, epoch: 60 | loss: 0.1576210
	speed: 0.0836s/iter; left time: 1881.5858s
	iters: 300, epoch: 60 | loss: 0.1653303
	speed: 0.0842s/iter; left time: 1888.3058s
	iters: 400, epoch: 60 | loss: 0.1534330
	speed: 0.0849s/iter; left time: 1895.3793s
	iters: 500, epoch: 60 | loss: 0.1711471
	speed: 0.0847s/iter; left time: 1880.6549s
Epoch: 60 cost time: 48.00665259361267
Epoch: 60, Steps: 554 | Train Loss: 0.1647085 Vali Loss: 0.1433933 Test Loss: 0.1644149
EarlyStopping counter: 3 out of 10
Updating learning rate to 4.999665579864104e-05
	iters: 100, epoch: 61 | loss: 0.1538958
	speed: 0.3392s/iter; left time: 7483.7665s
	iters: 200, epoch: 61 | loss: 0.1535731
	speed: 0.0855s/iter; left time: 1878.4799s
	iters: 300, epoch: 61 | loss: 0.1687111
	speed: 0.0845s/iter; left time: 1847.2307s
	iters: 400, epoch: 61 | loss: 0.1447783
	speed: 0.0851s/iter; left time: 1852.4755s
	iters: 500, epoch: 61 | loss: 0.1625539
	speed: 0.0844s/iter; left time: 1827.7395s
Epoch: 61 cost time: 47.743720054626465
Epoch: 61, Steps: 554 | Train Loss: 0.1646130 Vali Loss: 0.1431632 Test Loss: 0.1657015
Validation loss decreased (0.143209 --> 0.143163).  Saving model ...
Updating learning rate to 4.8033675600033165e-05
	iters: 100, epoch: 62 | loss: 0.1581330
	speed: 0.3411s/iter; left time: 7335.1686s
	iters: 200, epoch: 62 | loss: 0.1681563
	speed: 0.0843s/iter; left time: 1804.6670s
	iters: 300, epoch: 62 | loss: 0.1797672
	speed: 0.0844s/iter; left time: 1798.4684s
	iters: 400, epoch: 62 | loss: 0.1692928
	speed: 0.0853s/iter; left time: 1807.9402s
	iters: 500, epoch: 62 | loss: 0.1846918
	speed: 0.0865s/iter; left time: 1824.9320s
Epoch: 62 cost time: 48.010382413864136
Epoch: 62, Steps: 554 | Train Loss: 0.1644100 Vali Loss: 0.1429136 Test Loss: 0.1648234
Validation loss decreased (0.143163 --> 0.142914).  Saving model ...
Updating learning rate to 4.607372763951348e-05
	iters: 100, epoch: 63 | loss: 0.1738729
	speed: 0.3446s/iter; left time: 7220.6167s
	iters: 200, epoch: 63 | loss: 0.1771558
	speed: 0.0839s/iter; left time: 1749.1201s
	iters: 300, epoch: 63 | loss: 0.1623942
	speed: 0.0839s/iter; left time: 1742.1204s
	iters: 400, epoch: 63 | loss: 0.1584696
	speed: 0.0864s/iter; left time: 1784.8203s
	iters: 500, epoch: 63 | loss: 0.1665187
	speed: 0.0844s/iter; left time: 1735.0782s
Epoch: 63 cost time: 48.00869822502136
Epoch: 63, Steps: 554 | Train Loss: 0.1643082 Vali Loss: 0.1429915 Test Loss: 0.1653410
EarlyStopping counter: 1 out of 10
Updating learning rate to 4.4119834014777286e-05
	iters: 100, epoch: 64 | loss: 0.1724992
	speed: 0.3359s/iter; left time: 6852.5959s
	iters: 200, epoch: 64 | loss: 0.1665515
	speed: 0.0862s/iter; left time: 1750.6401s
	iters: 300, epoch: 64 | loss: 0.2090431
	speed: 0.0838s/iter; left time: 1693.3196s
	iters: 400, epoch: 64 | loss: 0.1639436
	speed: 0.0840s/iter; left time: 1688.8488s
	iters: 500, epoch: 64 | loss: 0.1630283
	speed: 0.0839s/iter; left time: 1677.8827s
Epoch: 64 cost time: 48.030247926712036
Epoch: 64, Steps: 554 | Train Loss: 0.1641225 Vali Loss: 0.1438168 Test Loss: 0.1647248
EarlyStopping counter: 2 out of 10
Updating learning rate to 4.2175007488172864e-05
	iters: 100, epoch: 65 | loss: 0.1507895
	speed: 0.3359s/iter; left time: 6666.2549s
	iters: 200, epoch: 65 | loss: 0.1503117
	speed: 0.0859s/iter; left time: 1696.2815s
	iters: 300, epoch: 65 | loss: 0.1416507
	speed: 0.0848s/iter; left time: 1666.0947s
	iters: 400, epoch: 65 | loss: 0.1736198
	speed: 0.0850s/iter; left time: 1660.8737s
	iters: 500, epoch: 65 | loss: 0.1430705
	speed: 0.0849s/iter; left time: 1651.6002s
Epoch: 65 cost time: 48.04816651344299
Epoch: 65, Steps: 554 | Train Loss: 0.1640338 Vali Loss: 0.1437307 Test Loss: 0.1649251
EarlyStopping counter: 3 out of 10
Updating learning rate to 4.024224684124044e-05
	iters: 100, epoch: 66 | loss: 0.1547756
	speed: 0.3376s/iter; left time: 6512.6830s
	iters: 200, epoch: 66 | loss: 0.1566158
	speed: 0.0837s/iter; left time: 1606.0625s
	iters: 300, epoch: 66 | loss: 0.1567521
	speed: 0.0839s/iter; left time: 1601.5601s
	iters: 400, epoch: 66 | loss: 0.1512425
	speed: 0.0842s/iter; left time: 1599.5057s
	iters: 500, epoch: 66 | loss: 0.1567954
	speed: 0.0843s/iter; left time: 1591.7289s
Epoch: 66 cost time: 47.27368092536926
Epoch: 66, Steps: 554 | Train Loss: 0.1639165 Vali Loss: 0.1449966 Test Loss: 0.1647740
EarlyStopping counter: 4 out of 10
Updating learning rate to 3.832453225080827e-05
	iters: 100, epoch: 67 | loss: 0.1752718
	speed: 0.3396s/iter; left time: 6362.9071s
	iters: 200, epoch: 67 | loss: 0.1771828
	speed: 0.0853s/iter; left time: 1589.0328s
	iters: 300, epoch: 67 | loss: 0.1851755
	speed: 0.0854s/iter; left time: 1582.9756s
	iters: 400, epoch: 67 | loss: 0.1413481
	speed: 0.0850s/iter; left time: 1567.4933s
	iters: 500, epoch: 67 | loss: 0.1670613
	speed: 0.0850s/iter; left time: 1558.4856s
Epoch: 67 cost time: 47.82992148399353
Epoch: 67, Steps: 554 | Train Loss: 0.1637650 Vali Loss: 0.1438115 Test Loss: 0.1647744
EarlyStopping counter: 5 out of 10
Updating learning rate to 3.6424820693776036e-05
	iters: 100, epoch: 68 | loss: 0.1511406
	speed: 0.3371s/iter; left time: 6129.6709s
	iters: 200, epoch: 68 | loss: 0.1462961
	speed: 0.0869s/iter; left time: 1570.6803s
	iters: 300, epoch: 68 | loss: 0.1589000
	speed: 0.0860s/iter; left time: 1547.3484s
	iters: 400, epoch: 68 | loss: 0.1582377
	speed: 0.0856s/iter; left time: 1531.5458s
	iters: 500, epoch: 68 | loss: 0.1683921
	speed: 0.0858s/iter; left time: 1526.2992s
Epoch: 68 cost time: 48.63592600822449
Epoch: 68, Steps: 554 | Train Loss: 0.1636450 Vali Loss: 0.1441098 Test Loss: 0.1642491
EarlyStopping counter: 6 out of 10
Updating learning rate to 3.45460413876709e-05
	iters: 100, epoch: 69 | loss: 0.1827607
	speed: 0.3460s/iter; left time: 6099.0186s
	iters: 200, epoch: 69 | loss: 0.1627311
	speed: 0.0841s/iter; left time: 1473.6622s
	iters: 300, epoch: 69 | loss: 0.1748278
	speed: 0.0845s/iter; left time: 1472.9610s
	iters: 400, epoch: 69 | loss: 0.1515832
	speed: 0.0846s/iter; left time: 1465.3877s
	iters: 500, epoch: 69 | loss: 0.1593051
	speed: 0.0857s/iter; left time: 1477.2739s
Epoch: 69 cost time: 47.73616671562195
Epoch: 69, Steps: 554 | Train Loss: 0.1634825 Vali Loss: 0.1440342 Test Loss: 0.1656033
EarlyStopping counter: 7 out of 10
Updating learning rate to 3.2691091274006205e-05
	iters: 100, epoch: 70 | loss: 0.1695271
	speed: 0.3457s/iter; left time: 5902.1674s
	iters: 200, epoch: 70 | loss: 0.1531723
	speed: 0.0856s/iter; left time: 1453.2296s
	iters: 300, epoch: 70 | loss: 0.1610342
	speed: 0.0838s/iter; left time: 1414.9550s
	iters: 400, epoch: 70 | loss: 0.1546419
	speed: 0.0866s/iter; left time: 1453.0203s
	iters: 500, epoch: 70 | loss: 0.1362695
	speed: 0.0852s/iter; left time: 1421.1503s
Epoch: 70 cost time: 48.071462631225586
Epoch: 70, Steps: 554 | Train Loss: 0.1633954 Vali Loss: 0.1443395 Test Loss: 0.1647316
EarlyStopping counter: 8 out of 10
Updating learning rate to 3.086283055140779e-05
	iters: 100, epoch: 71 | loss: 0.1744888
	speed: 0.3381s/iter; left time: 5586.4003s
	iters: 200, epoch: 71 | loss: 0.1677026
	speed: 0.0795s/iter; left time: 1304.6897s
	iters: 300, epoch: 71 | loss: 0.1468626
	speed: 0.0791s/iter; left time: 1290.2647s
	iters: 400, epoch: 71 | loss: 0.1426280
	speed: 0.0782s/iter; left time: 1268.0003s
	iters: 500, epoch: 71 | loss: 0.1883502
	speed: 0.0775s/iter; left time: 1249.9874s
Epoch: 71 cost time: 44.934706926345825
Epoch: 71, Steps: 554 | Train Loss: 0.1632921 Vali Loss: 0.1436376 Test Loss: 0.1646262
EarlyStopping counter: 9 out of 10
Updating learning rate to 2.9064078265394882e-05
	iters: 100, epoch: 72 | loss: 0.1640565
	speed: 0.3295s/iter; left time: 5261.3531s
	iters: 200, epoch: 72 | loss: 0.1502412
	speed: 0.0777s/iter; left time: 1233.4150s
	iters: 300, epoch: 72 | loss: 0.1392243
	speed: 0.0762s/iter; left time: 1200.8657s
	iters: 400, epoch: 72 | loss: 0.1682418
	speed: 0.0771s/iter; left time: 1207.2477s
	iters: 500, epoch: 72 | loss: 0.1649109
	speed: 0.0771s/iter; left time: 1199.4991s
Epoch: 72 cost time: 43.89292883872986
Epoch: 72, Steps: 554 | Train Loss: 0.1631350 Vali Loss: 0.1436075 Test Loss: 0.1645522
EarlyStopping counter: 10 out of 10
Early stopping
>>>>>>>testing : 336_336_PatchMLP_custom_ftM_sl336_ll48_pl336_dm128_nh16_el3_dl1_df256_fc1_ebtimeF_dtTrue_Exp_0<<<<<<<<<<<<<<<<<<<<<<<<<<<<<<<<<
test 4925
mse:0.1648244857788086, mae:0.25787353515625, rse:0.40437641739845276
